Build started 16/04/2018 09:27:00 م.
     1>Project "F:\FciS\years of collage\year 1\semester 2\structured programming\our first sp project\our first sp project\our first sp project.vcxproj" on node 2 (Build target(s)).
     1>ClCompile:
         C:\Program Files (x86)\Microsoft Visual Studio 12.0\VC\bin\CL.exe /c /ZI /nologo /W3 /WX- /Od /Oy- /D WIN32 /D _DEBUG /D _CONSOLE /D _UNICODE /D UNICODE /Gm /EHsc /RTC1 /MDd /GS /fp:precise /Zc:wchar_t /Zc:forScope /Fo"Debug\\" /Fd"Debug\vc120.pdb" /Gd /TP /analyze- /errorReport:prompt Source.cpp
         Source.cpp
     1>f:\fcis\years of collage\year 1\semester 2\structured programming\our first sp project\our first sp project\source.cpp(93): warning C4244: 'argument' : conversion from 'time_t' to 'unsigned int', possible loss of data
     1>f:\fcis\years of collage\year 1\semester 2\structured programming\our first sp project\our first sp project\source.cpp(99): warning C4244: 'argument' : conversion from 'time_t' to 'unsigned int', possible loss of data
     1>f:\fcis\years of collage\year 1\semester 2\structured programming\our first sp project\our first sp project\source.cpp(105): warning C4244: 'argument' : conversion from 'time_t' to 'unsigned int', possible loss of data
     1>f:\fcis\years of collage\year 1\semester 2\structured programming\our first sp project\our first sp project\source.cpp(122): warning C4244: 'argument' : conversion from 'time_t' to 'unsigned int', possible loss of data
     1>f:\fcis\years of collage\year 1\semester 2\structured programming\our first sp project\our first sp project\source.cpp(130): warning C4244: 'argument' : conversion from 'time_t' to 'unsigned int', possible loss of data
     1>f:\fcis\years of collage\year 1\semester 2\structured programming\our first sp project\our first sp project\source.cpp(137): warning C4244: 'argument' : conversion from 'time_t' to 'unsigned int', possible loss of data
     1>f:\fcis\years of collage\year 1\semester 2\structured programming\our first sp project\our first sp project\source.cpp(158): warning C4244: 'argument' : conversion from 'time_t' to 'unsigned int', possible loss of data
     1>f:\fcis\years of collage\year 1\semester 2\structured programming\our first sp project\our first sp project\source.cpp(166): warning C4244: 'argument' : conversion from 'time_t' to 'unsigned int', possible loss of data
     1>f:\fcis\years of collage\year 1\semester 2\structured programming\our first sp project\our first sp project\source.cpp(173): warning C4244: 'argument' : conversion from 'time_t' to 'unsigned int', possible loss of data
     1>f:\fcis\years of collage\year 1\semester 2\structured programming\our first sp project\our first sp project\source.cpp(185): warning C4018: '<' : signed/unsigned mismatch
     1>f:\fcis\years of collage\year 1\semester 2\structured programming\our first sp project\our first sp project\source.cpp(196): warning C4018: '<' : signed/unsigned mismatch
       Link:
         C:\Program Files (x86)\Microsoft Visual Studio 12.0\VC\bin\link.exe /ERRORREPORT:PROMPT /OUT:"F:\FciS\years of collage\year 1\semester 2\structured programming\our first sp project\Debug\our first sp project.exe" /INCREMENTAL /NOLOGO kernel32.lib user32.lib gdi32.lib winspool.lib comdlg32.lib advapi32.lib shell32.lib ole32.lib oleaut32.lib uuid.lib odbc32.lib odbccp32.lib /MANIFEST /MANIFESTUAC:"level='asInvoker' uiAccess='false'" /manifest:embed /DEBUG /PDB:"F:\FciS\years of collage\year 1\semester 2\structured programming\our first sp project\Debug\our first sp project.pdb" /SUBSYSTEM:CONSOLE /TLBID:1 /DYNAMICBASE /NXCOMPAT /IMPLIB:"F:\FciS\years of collage\year 1\semester 2\structured programming\our first sp project\Debug\our first sp project.lib" /MACHINE:X86 Debug\Source.obj
         our first sp project.vcxproj -> F:\FciS\years of collage\year 1\semester 2\structured programming\our first sp project\Debug\our first sp project.exe
     1>Done Building Project "F:\FciS\years of collage\year 1\semester 2\structured programming\our first sp project\our first sp project\our first sp project.vcxproj" (Build target(s)).

Build succeeded.

Time Elapsed 00:00:09.29
